
[2026-05-22 20:01:50] authenticateAdmin: {
    "providedKey": "SET (length: 32",
    "adminKey": "SET"
}

[2026-05-22 20:01:53] authenticateAdmin: {
    "providedKey": "SET (length: 32",
    "adminKey": "SET"
}

[2026-05-23 11:41:14] authenticateAdmin: {
    "providedKey": "SET (length: 32",
    "adminKey": "SET"
}

[2026-05-23 11:41:30] authenticateAdmin: {
    "providedKey": "SET (length: 32",
    "adminKey": "SET"
}

[2026-05-23 11:41:33] authenticateAdmin: {
    "providedKey": "SET (length: 32",
    "adminKey": "SET"
}

[2026-05-23 16:38:26] extractApiKey: {
    "source": "X-API-KEY",
    "key": "1273e05283f805d7f6efa98360fd9c6b"
}

[2026-05-23 16:38:26] authenticateApi: {
    "providedKey": "SET (length: 32",
    "keysFile": "E:\\cloud\/api\/keys.txt",
    "validKeys": [
        "d59d1c585e2de879d5a7b56f96fa55bf"
    ]
}

[2026-05-23 16:38:26] respondUnauthorized: {
    "message": "Invalid API key"
}

[2026-05-23 16:40:40] extractApiKey: {
    "source": "X-API-KEY",
    "key": "1273e05283f805d7f6efa98360fd9c6b"
}

[2026-05-23 16:40:40] authenticateApi: {
    "providedKey": "SET (length: 32",
    "keysFile": "E:\\cloud\/api\/keys.txt",
    "validKeys": [
        "d59d1c585e2de879d5a7b56f96fa55bf"
    ]
}

[2026-05-23 16:40:40] respondUnauthorized: {
    "message": "Invalid API key"
}

[2026-05-23 16:40:41] extractApiKey: {
    "source": "X-API-KEY",
    "key": "1273e05283f805d7f6efa98360fd9c6b"
}

[2026-05-23 16:40:41] authenticateApi: {
    "providedKey": "SET (length: 32",
    "keysFile": "E:\\cloud\/api\/keys.txt",
    "validKeys": [
        "d59d1c585e2de879d5a7b56f96fa55bf"
    ]
}

[2026-05-23 16:40:41] respondUnauthorized: {
    "message": "Invalid API key"
}

[2026-05-23 16:40:44] extractApiKey: {
    "source": "X-API-KEY",
    "key": "d59d1c585e2de879d5a7b56f96fa55bf"
}

[2026-05-23 16:40:44] authenticateApi: {
    "providedKey": "SET (length: 32",
    "keysFile": "E:\\cloud\/api\/keys.txt",
    "validKeys": [
        "d59d1c585e2de879d5a7b56f96fa55bf"
    ]
}

[2026-05-23 16:40:53] authenticateAdmin: {
    "providedKey": "SET (length: 32",
    "adminKey": "SET"
}

[2026-05-23 16:40:56] authenticateAdmin: {
    "providedKey": "SET (length: 32",
    "adminKey": "SET"
}

[2026-05-23 16:40:57] extractApiKey: {
    "source": "X-API-KEY",
    "key": "b3a015e6cc0257bff6acf1225068916f"
}

[2026-05-23 16:40:57] authenticateApi: {
    "providedKey": "SET (length: 32",
    "keysFile": "E:\\cloud\/api\/keys.txt",
    "validKeys": [
        "b3a015e6cc0257bff6acf1225068916f"
    ]
}

