
2026-05-22 20:01:50 POST /api/index.php?action=regenerate_key
Headers: {"Cookie":"admin_token=91318Zp3z3Sw%2FHrrBshltMkekqWx2R9kEfD15VAcQDz9qALV8cxUo6XXbpHP0tOgwSR5UALFBoSygoFnT7zdhrlYei3h6QK6kuIGey2V; PHPSESSID=2630apj5s6e1qc2v57tchh5vob","Accept-Language":"zh-CN,zh;q=0.9,en;q=0.8,en-GB;q=0.7,en-US;q=0.6","Accept-Encoding":"gzip, deflate, br, zstd","Referer":"http:\/\/localhost:8001\/admin\/api_toggle.php","Sec-Fetch-Dest":"empty","Sec-Fetch-Mode":"cors","Sec-Fetch-Site":"same-origin","Origin":"http:\/\/localhost:8001","Accept":"*\/*","Sec-Ch-Ua-Mobile":"?0","Sec-Ch-Ua":"\"Microsoft Edge\";v=\"149\", \"Chromium\";v=\"149\", \"Not)A;Brand\";v=\"24\"","User-Agent":"Mozilla\/5.0 (Windows NT 10.0; Win64; x64) AppleWebKit\/537.36 (KHTML, like Gecko) Chrome\/149.0.0.0 Safari\/537.36 Edg\/149.0.0.0","Sec-Ch-Ua-Platform":"\"Windows\"","X-Admin-Key":"ab8c499273f26c6474e8423a593e3ce9","Content-Length":"0","Connection":"close","Host":"localhost:8001"}
SERVER: REQUEST_URI: /api/index.php?action=regenerate_key
REQUEST_METHOD: POST
REQUEST_SCHEME: http
HTTP_COOKIE: admin_token=91318Zp3z3Sw%2FHrrBshltMkekqWx2R9kEfD15VAcQDz9qALV8cxUo6XXbpHP0tOgwSR5UALFBoSygoFnT7zdhrlYei3h6QK6kuIGey2V; PHPSESSID=2630apj5s6e1qc2v57tchh5vob
HTTP_ACCEPT_LANGUAGE: zh-CN,zh;q=0.9,en;q=0.8,en-GB;q=0.7,en-US;q=0.6
HTTP_ACCEPT_ENCODING: gzip, deflate, br, zstd
HTTP_REFERER: http://localhost:8001/admin/api_toggle.php
HTTP_SEC_FETCH_DEST: empty
HTTP_SEC_FETCH_MODE: cors
HTTP_SEC_FETCH_SITE: same-origin
HTTP_ORIGIN: http://localhost:8001
HTTP_ACCEPT: */*
HTTP_SEC_CH_UA_MOBILE: ?0
HTTP_SEC_CH_UA: "Microsoft Edge";v="149", "Chromium";v="149", "Not)A;Brand";v="24"
HTTP_USER_AGENT: Mozilla/5.0 (Windows NT 10.0; Win64; x64) AppleWebKit/537.36 (KHTML, like Gecko) Chrome/149.0.0.0 Safari/537.36 Edg/149.0.0.0
HTTP_SEC_CH_UA_PLATFORM: "Windows"
HTTP_X_ADMIN_KEY: ab8c499273f26c6474e8423a593e3ce9
HTTP_CONNECTION: close
HTTP_HOST: localhost:8001
REQUEST_TIME_FLOAT: 1779451310.9782
REQUEST_TIME: 1779451310

2026-05-22 20:01:53 POST /api/index.php?action=regenerate_admin_key
Headers: {"Cookie":"admin_token=91318Zp3z3Sw%2FHrrBshltMkekqWx2R9kEfD15VAcQDz9qALV8cxUo6XXbpHP0tOgwSR5UALFBoSygoFnT7zdhrlYei3h6QK6kuIGey2V; PHPSESSID=2630apj5s6e1qc2v57tchh5vob","Accept-Language":"zh-CN,zh;q=0.9,en;q=0.8,en-GB;q=0.7,en-US;q=0.6","Accept-Encoding":"gzip, deflate, br, zstd","Referer":"http:\/\/localhost:8001\/admin\/api_toggle.php","Sec-Fetch-Dest":"empty","Sec-Fetch-Mode":"cors","Sec-Fetch-Site":"same-origin","Origin":"http:\/\/localhost:8001","Accept":"*\/*","Sec-Ch-Ua-Mobile":"?0","Sec-Ch-Ua":"\"Microsoft Edge\";v=\"149\", \"Chromium\";v=\"149\", \"Not)A;Brand\";v=\"24\"","User-Agent":"Mozilla\/5.0 (Windows NT 10.0; Win64; x64) AppleWebKit\/537.36 (KHTML, like Gecko) Chrome\/149.0.0.0 Safari\/537.36 Edg\/149.0.0.0","Sec-Ch-Ua-Platform":"\"Windows\"","X-Admin-Key":"ab8c499273f26c6474e8423a593e3ce9","Content-Length":"0","Connection":"close","Host":"localhost:8001"}
SERVER: REQUEST_URI: /api/index.php?action=regenerate_admin_key
REQUEST_METHOD: POST
REQUEST_SCHEME: http
HTTP_COOKIE: admin_token=91318Zp3z3Sw%2FHrrBshltMkekqWx2R9kEfD15VAcQDz9qALV8cxUo6XXbpHP0tOgwSR5UALFBoSygoFnT7zdhrlYei3h6QK6kuIGey2V; PHPSESSID=2630apj5s6e1qc2v57tchh5vob
HTTP_ACCEPT_LANGUAGE: zh-CN,zh;q=0.9,en;q=0.8,en-GB;q=0.7,en-US;q=0.6
HTTP_ACCEPT_ENCODING: gzip, deflate, br, zstd
HTTP_REFERER: http://localhost:8001/admin/api_toggle.php
HTTP_SEC_FETCH_DEST: empty
HTTP_SEC_FETCH_MODE: cors
HTTP_SEC_FETCH_SITE: same-origin
HTTP_ORIGIN: http://localhost:8001
HTTP_ACCEPT: */*
HTTP_SEC_CH_UA_MOBILE: ?0
HTTP_SEC_CH_UA: "Microsoft Edge";v="149", "Chromium";v="149", "Not)A;Brand";v="24"
HTTP_USER_AGENT: Mozilla/5.0 (Windows NT 10.0; Win64; x64) AppleWebKit/537.36 (KHTML, like Gecko) Chrome/149.0.0.0 Safari/537.36 Edg/149.0.0.0
HTTP_SEC_CH_UA_PLATFORM: "Windows"
HTTP_X_ADMIN_KEY: ab8c499273f26c6474e8423a593e3ce9
HTTP_CONNECTION: close
HTTP_HOST: localhost:8001
REQUEST_TIME_FLOAT: 1779451313.0922
REQUEST_TIME: 1779451313

2026-05-23 11:41:14 POST /api/index.php?action=regenerate_key
Headers: {"Cookie":"admin_token=91318Zp3z3Sw%2FHrrBshltMkekqWx2R9kEfD15VAcQDz9qALV8cxUo6XXbpHP0tOgwSR5UALFBoSygoFnT7zdhrlYei3h6QK6kuIGey2V; PHPSESSID=skeao66omisu7k7ikk9e3iduku","Accept-Language":"zh-CN,zh;q=0.9,en;q=0.8,en-GB;q=0.7,en-US;q=0.6","Accept-Encoding":"gzip, deflate, br, zstd","Referer":"http:\/\/localhost:8001\/admin\/api_toggle.php","Sec-Fetch-Dest":"empty","Sec-Fetch-Mode":"cors","Sec-Fetch-Site":"same-origin","Origin":"http:\/\/localhost:8001","Accept":"*\/*","Sec-Ch-Ua-Mobile":"?0","Sec-Ch-Ua":"\"Microsoft Edge\";v=\"149\", \"Chromium\";v=\"149\", \"Not)A;Brand\";v=\"24\"","User-Agent":"Mozilla\/5.0 (Windows NT 10.0; Win64; x64) AppleWebKit\/537.36 (KHTML, like Gecko) Chrome\/149.0.0.0 Safari\/537.36 Edg\/149.0.0.0","Sec-Ch-Ua-Platform":"\"Windows\"","X-Admin-Key":"af33473658681e5db839d04a219d4ee1","Content-Length":"0","Connection":"close","Host":"localhost:8001"}
SERVER: REQUEST_URI: /api/index.php?action=regenerate_key
REQUEST_METHOD: POST
REQUEST_SCHEME: http
HTTP_COOKIE: admin_token=91318Zp3z3Sw%2FHrrBshltMkekqWx2R9kEfD15VAcQDz9qALV8cxUo6XXbpHP0tOgwSR5UALFBoSygoFnT7zdhrlYei3h6QK6kuIGey2V; PHPSESSID=skeao66omisu7k7ikk9e3iduku
HTTP_ACCEPT_LANGUAGE: zh-CN,zh;q=0.9,en;q=0.8,en-GB;q=0.7,en-US;q=0.6
HTTP_ACCEPT_ENCODING: gzip, deflate, br, zstd
HTTP_REFERER: http://localhost:8001/admin/api_toggle.php
HTTP_SEC_FETCH_DEST: empty
HTTP_SEC_FETCH_MODE: cors
HTTP_SEC_FETCH_SITE: same-origin
HTTP_ORIGIN: http://localhost:8001
HTTP_ACCEPT: */*
HTTP_SEC_CH_UA_MOBILE: ?0
HTTP_SEC_CH_UA: "Microsoft Edge";v="149", "Chromium";v="149", "Not)A;Brand";v="24"
HTTP_USER_AGENT: Mozilla/5.0 (Windows NT 10.0; Win64; x64) AppleWebKit/537.36 (KHTML, like Gecko) Chrome/149.0.0.0 Safari/537.36 Edg/149.0.0.0
HTTP_SEC_CH_UA_PLATFORM: "Windows"
HTTP_X_ADMIN_KEY: af33473658681e5db839d04a219d4ee1
HTTP_CONNECTION: close
HTTP_HOST: localhost:8001
REQUEST_TIME_FLOAT: 1779507674.9093
REQUEST_TIME: 1779507674

2026-05-23 11:41:30 POST /api/index.php?action=regenerate_key
Headers: {"Cookie":"admin_token=91318Zp3z3Sw%2FHrrBshltMkekqWx2R9kEfD15VAcQDz9qALV8cxUo6XXbpHP0tOgwSR5UALFBoSygoFnT7zdhrlYei3h6QK6kuIGey2V; PHPSESSID=skeao66omisu7k7ikk9e3iduku","Accept-Language":"zh-CN,zh;q=0.9,en;q=0.8,en-GB;q=0.7,en-US;q=0.6","Accept-Encoding":"gzip, deflate, br, zstd","Referer":"http:\/\/localhost:8001\/admin\/api_toggle.php","Sec-Fetch-Dest":"empty","Sec-Fetch-Mode":"cors","Sec-Fetch-Site":"same-origin","Origin":"http:\/\/localhost:8001","Accept":"*\/*","Sec-Ch-Ua-Mobile":"?0","Sec-Ch-Ua":"\"Microsoft Edge\";v=\"149\", \"Chromium\";v=\"149\", \"Not)A;Brand\";v=\"24\"","User-Agent":"Mozilla\/5.0 (Windows NT 10.0; Win64; x64) AppleWebKit\/537.36 (KHTML, like Gecko) Chrome\/149.0.0.0 Safari\/537.36 Edg\/149.0.0.0","Sec-Ch-Ua-Platform":"\"Windows\"","X-Admin-Key":"af33473658681e5db839d04a219d4ee1","Content-Length":"0","Connection":"close","Host":"localhost:8001"}
SERVER: REQUEST_URI: /api/index.php?action=regenerate_key
REQUEST_METHOD: POST
REQUEST_SCHEME: http
HTTP_COOKIE: admin_token=91318Zp3z3Sw%2FHrrBshltMkekqWx2R9kEfD15VAcQDz9qALV8cxUo6XXbpHP0tOgwSR5UALFBoSygoFnT7zdhrlYei3h6QK6kuIGey2V; PHPSESSID=skeao66omisu7k7ikk9e3iduku
HTTP_ACCEPT_LANGUAGE: zh-CN,zh;q=0.9,en;q=0.8,en-GB;q=0.7,en-US;q=0.6
HTTP_ACCEPT_ENCODING: gzip, deflate, br, zstd
HTTP_REFERER: http://localhost:8001/admin/api_toggle.php
HTTP_SEC_FETCH_DEST: empty
HTTP_SEC_FETCH_MODE: cors
HTTP_SEC_FETCH_SITE: same-origin
HTTP_ORIGIN: http://localhost:8001
HTTP_ACCEPT: */*
HTTP_SEC_CH_UA_MOBILE: ?0
HTTP_SEC_CH_UA: "Microsoft Edge";v="149", "Chromium";v="149", "Not)A;Brand";v="24"
HTTP_USER_AGENT: Mozilla/5.0 (Windows NT 10.0; Win64; x64) AppleWebKit/537.36 (KHTML, like Gecko) Chrome/149.0.0.0 Safari/537.36 Edg/149.0.0.0
HTTP_SEC_CH_UA_PLATFORM: "Windows"
HTTP_X_ADMIN_KEY: af33473658681e5db839d04a219d4ee1
HTTP_CONNECTION: close
HTTP_HOST: localhost:8001
REQUEST_TIME_FLOAT: 1779507690.5448
REQUEST_TIME: 1779507690

2026-05-23 11:41:33 POST /api/index.php?action=regenerate_admin_key
Headers: {"Cookie":"admin_token=91318Zp3z3Sw%2FHrrBshltMkekqWx2R9kEfD15VAcQDz9qALV8cxUo6XXbpHP0tOgwSR5UALFBoSygoFnT7zdhrlYei3h6QK6kuIGey2V; PHPSESSID=skeao66omisu7k7ikk9e3iduku","Accept-Language":"zh-CN,zh;q=0.9,en;q=0.8,en-GB;q=0.7,en-US;q=0.6","Accept-Encoding":"gzip, deflate, br, zstd","Referer":"http:\/\/localhost:8001\/admin\/api_toggle.php","Sec-Fetch-Dest":"empty","Sec-Fetch-Mode":"cors","Sec-Fetch-Site":"same-origin","Origin":"http:\/\/localhost:8001","Accept":"*\/*","Sec-Ch-Ua-Mobile":"?0","Sec-Ch-Ua":"\"Microsoft Edge\";v=\"149\", \"Chromium\";v=\"149\", \"Not)A;Brand\";v=\"24\"","User-Agent":"Mozilla\/5.0 (Windows NT 10.0; Win64; x64) AppleWebKit\/537.36 (KHTML, like Gecko) Chrome\/149.0.0.0 Safari\/537.36 Edg\/149.0.0.0","Sec-Ch-Ua-Platform":"\"Windows\"","X-Admin-Key":"af33473658681e5db839d04a219d4ee1","Content-Length":"0","Connection":"close","Host":"localhost:8001"}
SERVER: REQUEST_URI: /api/index.php?action=regenerate_admin_key
REQUEST_METHOD: POST
REQUEST_SCHEME: http
HTTP_COOKIE: admin_token=91318Zp3z3Sw%2FHrrBshltMkekqWx2R9kEfD15VAcQDz9qALV8cxUo6XXbpHP0tOgwSR5UALFBoSygoFnT7zdhrlYei3h6QK6kuIGey2V; PHPSESSID=skeao66omisu7k7ikk9e3iduku
HTTP_ACCEPT_LANGUAGE: zh-CN,zh;q=0.9,en;q=0.8,en-GB;q=0.7,en-US;q=0.6
HTTP_ACCEPT_ENCODING: gzip, deflate, br, zstd
HTTP_REFERER: http://localhost:8001/admin/api_toggle.php
HTTP_SEC_FETCH_DEST: empty
HTTP_SEC_FETCH_MODE: cors
HTTP_SEC_FETCH_SITE: same-origin
HTTP_ORIGIN: http://localhost:8001
HTTP_ACCEPT: */*
HTTP_SEC_CH_UA_MOBILE: ?0
HTTP_SEC_CH_UA: "Microsoft Edge";v="149", "Chromium";v="149", "Not)A;Brand";v="24"
HTTP_USER_AGENT: Mozilla/5.0 (Windows NT 10.0; Win64; x64) AppleWebKit/537.36 (KHTML, like Gecko) Chrome/149.0.0.0 Safari/537.36 Edg/149.0.0.0
HTTP_SEC_CH_UA_PLATFORM: "Windows"
HTTP_X_ADMIN_KEY: af33473658681e5db839d04a219d4ee1
HTTP_CONNECTION: close
HTTP_HOST: localhost:8001
REQUEST_TIME_FLOAT: 1779507693.8627
REQUEST_TIME: 1779507693

2026-05-23 16:38:26 GET /api/index.php?action=list
Headers: {"Cookie":"admin_token=91318Zp3z3Sw%2FHrrBshltMkekqWx2R9kEfD15VAcQDz9qALV8cxUo6XXbpHP0tOgwSR5UALFBoSygoFnT7zdhrlYei3h6QK6kuIGey2V; PHPSESSID=skeao66omisu7k7ikk9e3iduku","Accept-Language":"zh-CN,zh;q=0.9,en;q=0.8,en-GB;q=0.7,en-US;q=0.6","Accept-Encoding":"gzip, deflate, br, zstd","Referer":"http:\/\/localhost:8001\/api_test.html","Sec-Fetch-Dest":"empty","Sec-Fetch-Mode":"cors","Sec-Fetch-Site":"same-origin","Accept":"*\/*","Sec-Ch-Ua-Mobile":"?0","X-Api-Key":"1273e05283f805d7f6efa98360fd9c6b","Sec-Ch-Ua":"\"Microsoft Edge\";v=\"149\", \"Chromium\";v=\"149\", \"Not)A;Brand\";v=\"24\"","User-Agent":"Mozilla\/5.0 (Windows NT 10.0; Win64; x64) AppleWebKit\/537.36 (KHTML, like Gecko) Chrome\/149.0.0.0 Safari\/537.36 Edg\/149.0.0.0","Sec-Ch-Ua-Platform":"\"Windows\"","Connection":"close","Host":"localhost:8001"}
SERVER: REQUEST_URI: /api/index.php?action=list
REQUEST_METHOD: GET
REQUEST_SCHEME: http
HTTP_COOKIE: admin_token=91318Zp3z3Sw%2FHrrBshltMkekqWx2R9kEfD15VAcQDz9qALV8cxUo6XXbpHP0tOgwSR5UALFBoSygoFnT7zdhrlYei3h6QK6kuIGey2V; PHPSESSID=skeao66omisu7k7ikk9e3iduku
HTTP_ACCEPT_LANGUAGE: zh-CN,zh;q=0.9,en;q=0.8,en-GB;q=0.7,en-US;q=0.6
HTTP_ACCEPT_ENCODING: gzip, deflate, br, zstd
HTTP_REFERER: http://localhost:8001/api_test.html
HTTP_SEC_FETCH_DEST: empty
HTTP_SEC_FETCH_MODE: cors
HTTP_SEC_FETCH_SITE: same-origin
HTTP_ACCEPT: */*
HTTP_SEC_CH_UA_MOBILE: ?0
HTTP_X_API_KEY: 1273e05283f805d7f6efa98360fd9c6b
HTTP_SEC_CH_UA: "Microsoft Edge";v="149", "Chromium";v="149", "Not)A;Brand";v="24"
HTTP_USER_AGENT: Mozilla/5.0 (Windows NT 10.0; Win64; x64) AppleWebKit/537.36 (KHTML, like Gecko) Chrome/149.0.0.0 Safari/537.36 Edg/149.0.0.0
HTTP_SEC_CH_UA_PLATFORM: "Windows"
HTTP_CONNECTION: close
HTTP_HOST: localhost:8001
REQUEST_TIME_FLOAT: 1779525506.5994
REQUEST_TIME: 1779525506

2026-05-23 16:38:27 GET /api/index.php?action=status
Headers: {"Cookie":"admin_token=91318Zp3z3Sw%2FHrrBshltMkekqWx2R9kEfD15VAcQDz9qALV8cxUo6XXbpHP0tOgwSR5UALFBoSygoFnT7zdhrlYei3h6QK6kuIGey2V; PHPSESSID=skeao66omisu7k7ikk9e3iduku","Accept-Language":"zh-CN,zh;q=0.9,en;q=0.8,en-GB;q=0.7,en-US;q=0.6","Accept-Encoding":"gzip, deflate, br, zstd","Referer":"http:\/\/localhost:8001\/api_test.html","Sec-Fetch-Dest":"empty","Sec-Fetch-Mode":"cors","Sec-Fetch-Site":"same-origin","Accept":"*\/*","Sec-Ch-Ua-Mobile":"?0","X-Api-Key":"1273e05283f805d7f6efa98360fd9c6b","Sec-Ch-Ua":"\"Microsoft Edge\";v=\"149\", \"Chromium\";v=\"149\", \"Not)A;Brand\";v=\"24\"","User-Agent":"Mozilla\/5.0 (Windows NT 10.0; Win64; x64) AppleWebKit\/537.36 (KHTML, like Gecko) Chrome\/149.0.0.0 Safari\/537.36 Edg\/149.0.0.0","Sec-Ch-Ua-Platform":"\"Windows\"","Connection":"close","Host":"localhost:8001"}
SERVER: REQUEST_URI: /api/index.php?action=status
REQUEST_METHOD: GET
REQUEST_SCHEME: http
HTTP_COOKIE: admin_token=91318Zp3z3Sw%2FHrrBshltMkekqWx2R9kEfD15VAcQDz9qALV8cxUo6XXbpHP0tOgwSR5UALFBoSygoFnT7zdhrlYei3h6QK6kuIGey2V; PHPSESSID=skeao66omisu7k7ikk9e3iduku
HTTP_ACCEPT_LANGUAGE: zh-CN,zh;q=0.9,en;q=0.8,en-GB;q=0.7,en-US;q=0.6
HTTP_ACCEPT_ENCODING: gzip, deflate, br, zstd
HTTP_REFERER: http://localhost:8001/api_test.html
HTTP_SEC_FETCH_DEST: empty
HTTP_SEC_FETCH_MODE: cors
HTTP_SEC_FETCH_SITE: same-origin
HTTP_ACCEPT: */*
HTTP_SEC_CH_UA_MOBILE: ?0
HTTP_X_API_KEY: 1273e05283f805d7f6efa98360fd9c6b
HTTP_SEC_CH_UA: "Microsoft Edge";v="149", "Chromium";v="149", "Not)A;Brand";v="24"
HTTP_USER_AGENT: Mozilla/5.0 (Windows NT 10.0; Win64; x64) AppleWebKit/537.36 (KHTML, like Gecko) Chrome/149.0.0.0 Safari/537.36 Edg/149.0.0.0
HTTP_SEC_CH_UA_PLATFORM: "Windows"
HTTP_CONNECTION: close
HTTP_HOST: localhost:8001
REQUEST_TIME_FLOAT: 1779525507.6097
REQUEST_TIME: 1779525507

2026-05-23 16:40:40 GET /api/index.php?action=list
Headers: {"Cookie":"admin_token=91318Zp3z3Sw%2FHrrBshltMkekqWx2R9kEfD15VAcQDz9qALV8cxUo6XXbpHP0tOgwSR5UALFBoSygoFnT7zdhrlYei3h6QK6kuIGey2V; PHPSESSID=skeao66omisu7k7ikk9e3iduku","Accept-Language":"zh-CN,zh;q=0.9,en;q=0.8,en-GB;q=0.7,en-US;q=0.6","Accept-Encoding":"gzip, deflate, br, zstd","Referer":"http:\/\/localhost:8001\/api_test.html","Sec-Fetch-Dest":"empty","Sec-Fetch-Mode":"cors","Sec-Fetch-Site":"same-origin","Accept":"*\/*","Sec-Ch-Ua-Mobile":"?0","X-Api-Key":"1273e05283f805d7f6efa98360fd9c6b","Sec-Ch-Ua":"\"Microsoft Edge\";v=\"149\", \"Chromium\";v=\"149\", \"Not)A;Brand\";v=\"24\"","User-Agent":"Mozilla\/5.0 (Windows NT 10.0; Win64; x64) AppleWebKit\/537.36 (KHTML, like Gecko) Chrome\/149.0.0.0 Safari\/537.36 Edg\/149.0.0.0","Sec-Ch-Ua-Platform":"\"Windows\"","Connection":"close","Host":"localhost:8001"}
SERVER: REQUEST_URI: /api/index.php?action=list
REQUEST_METHOD: GET
REQUEST_SCHEME: http
HTTP_COOKIE: admin_token=91318Zp3z3Sw%2FHrrBshltMkekqWx2R9kEfD15VAcQDz9qALV8cxUo6XXbpHP0tOgwSR5UALFBoSygoFnT7zdhrlYei3h6QK6kuIGey2V; PHPSESSID=skeao66omisu7k7ikk9e3iduku
HTTP_ACCEPT_LANGUAGE: zh-CN,zh;q=0.9,en;q=0.8,en-GB;q=0.7,en-US;q=0.6
HTTP_ACCEPT_ENCODING: gzip, deflate, br, zstd
HTTP_REFERER: http://localhost:8001/api_test.html
HTTP_SEC_FETCH_DEST: empty
HTTP_SEC_FETCH_MODE: cors
HTTP_SEC_FETCH_SITE: same-origin
HTTP_ACCEPT: */*
HTTP_SEC_CH_UA_MOBILE: ?0
HTTP_X_API_KEY: 1273e05283f805d7f6efa98360fd9c6b
HTTP_SEC_CH_UA: "Microsoft Edge";v="149", "Chromium";v="149", "Not)A;Brand";v="24"
HTTP_USER_AGENT: Mozilla/5.0 (Windows NT 10.0; Win64; x64) AppleWebKit/537.36 (KHTML, like Gecko) Chrome/149.0.0.0 Safari/537.36 Edg/149.0.0.0
HTTP_SEC_CH_UA_PLATFORM: "Windows"
HTTP_CONNECTION: close
HTTP_HOST: localhost:8001
REQUEST_TIME_FLOAT: 1779525640.9583
REQUEST_TIME: 1779525640

2026-05-23 16:40:41 GET /api/index.php?action=list
Headers: {"Cookie":"admin_token=91318Zp3z3Sw%2FHrrBshltMkekqWx2R9kEfD15VAcQDz9qALV8cxUo6XXbpHP0tOgwSR5UALFBoSygoFnT7zdhrlYei3h6QK6kuIGey2V; PHPSESSID=skeao66omisu7k7ikk9e3iduku","Accept-Language":"zh-CN,zh;q=0.9,en;q=0.8,en-GB;q=0.7,en-US;q=0.6","Accept-Encoding":"gzip, deflate, br, zstd","Referer":"http:\/\/localhost:8001\/api_test.html","Sec-Fetch-Dest":"empty","Sec-Fetch-Mode":"cors","Sec-Fetch-Site":"same-origin","Accept":"*\/*","Sec-Ch-Ua-Mobile":"?0","X-Api-Key":"1273e05283f805d7f6efa98360fd9c6b","Sec-Ch-Ua":"\"Microsoft Edge\";v=\"149\", \"Chromium\";v=\"149\", \"Not)A;Brand\";v=\"24\"","User-Agent":"Mozilla\/5.0 (Windows NT 10.0; Win64; x64) AppleWebKit\/537.36 (KHTML, like Gecko) Chrome\/149.0.0.0 Safari\/537.36 Edg\/149.0.0.0","Sec-Ch-Ua-Platform":"\"Windows\"","Connection":"close","Host":"localhost:8001"}
SERVER: REQUEST_URI: /api/index.php?action=list
REQUEST_METHOD: GET
REQUEST_SCHEME: http
HTTP_COOKIE: admin_token=91318Zp3z3Sw%2FHrrBshltMkekqWx2R9kEfD15VAcQDz9qALV8cxUo6XXbpHP0tOgwSR5UALFBoSygoFnT7zdhrlYei3h6QK6kuIGey2V; PHPSESSID=skeao66omisu7k7ikk9e3iduku
HTTP_ACCEPT_LANGUAGE: zh-CN,zh;q=0.9,en;q=0.8,en-GB;q=0.7,en-US;q=0.6
HTTP_ACCEPT_ENCODING: gzip, deflate, br, zstd
HTTP_REFERER: http://localhost:8001/api_test.html
HTTP_SEC_FETCH_DEST: empty
HTTP_SEC_FETCH_MODE: cors
HTTP_SEC_FETCH_SITE: same-origin
HTTP_ACCEPT: */*
HTTP_SEC_CH_UA_MOBILE: ?0
HTTP_X_API_KEY: 1273e05283f805d7f6efa98360fd9c6b
HTTP_SEC_CH_UA: "Microsoft Edge";v="149", "Chromium";v="149", "Not)A;Brand";v="24"
HTTP_USER_AGENT: Mozilla/5.0 (Windows NT 10.0; Win64; x64) AppleWebKit/537.36 (KHTML, like Gecko) Chrome/149.0.0.0 Safari/537.36 Edg/149.0.0.0
HTTP_SEC_CH_UA_PLATFORM: "Windows"
HTTP_CONNECTION: close
HTTP_HOST: localhost:8001
REQUEST_TIME_FLOAT: 1779525641.578
REQUEST_TIME: 1779525641

2026-05-23 16:40:41 GET /api/index.php?action=status
Headers: {"Cookie":"admin_token=91318Zp3z3Sw%2FHrrBshltMkekqWx2R9kEfD15VAcQDz9qALV8cxUo6XXbpHP0tOgwSR5UALFBoSygoFnT7zdhrlYei3h6QK6kuIGey2V; PHPSESSID=skeao66omisu7k7ikk9e3iduku","Accept-Language":"zh-CN,zh;q=0.9,en;q=0.8,en-GB;q=0.7,en-US;q=0.6","Accept-Encoding":"gzip, deflate, br, zstd","Referer":"http:\/\/localhost:8001\/api_test.html","Sec-Fetch-Dest":"empty","Sec-Fetch-Mode":"cors","Sec-Fetch-Site":"same-origin","Accept":"*\/*","Sec-Ch-Ua-Mobile":"?0","X-Api-Key":"1273e05283f805d7f6efa98360fd9c6b","Sec-Ch-Ua":"\"Microsoft Edge\";v=\"149\", \"Chromium\";v=\"149\", \"Not)A;Brand\";v=\"24\"","User-Agent":"Mozilla\/5.0 (Windows NT 10.0; Win64; x64) AppleWebKit\/537.36 (KHTML, like Gecko) Chrome\/149.0.0.0 Safari\/537.36 Edg\/149.0.0.0","Sec-Ch-Ua-Platform":"\"Windows\"","Connection":"close","Host":"localhost:8001"}
SERVER: REQUEST_URI: /api/index.php?action=status
REQUEST_METHOD: GET
REQUEST_SCHEME: http
HTTP_COOKIE: admin_token=91318Zp3z3Sw%2FHrrBshltMkekqWx2R9kEfD15VAcQDz9qALV8cxUo6XXbpHP0tOgwSR5UALFBoSygoFnT7zdhrlYei3h6QK6kuIGey2V; PHPSESSID=skeao66omisu7k7ikk9e3iduku
HTTP_ACCEPT_LANGUAGE: zh-CN,zh;q=0.9,en;q=0.8,en-GB;q=0.7,en-US;q=0.6
HTTP_ACCEPT_ENCODING: gzip, deflate, br, zstd
HTTP_REFERER: http://localhost:8001/api_test.html
HTTP_SEC_FETCH_DEST: empty
HTTP_SEC_FETCH_MODE: cors
HTTP_SEC_FETCH_SITE: same-origin
HTTP_ACCEPT: */*
HTTP_SEC_CH_UA_MOBILE: ?0
HTTP_X_API_KEY: 1273e05283f805d7f6efa98360fd9c6b
HTTP_SEC_CH_UA: "Microsoft Edge";v="149", "Chromium";v="149", "Not)A;Brand";v="24"
HTTP_USER_AGENT: Mozilla/5.0 (Windows NT 10.0; Win64; x64) AppleWebKit/537.36 (KHTML, like Gecko) Chrome/149.0.0.0 Safari/537.36 Edg/149.0.0.0
HTTP_SEC_CH_UA_PLATFORM: "Windows"
HTTP_CONNECTION: close
HTTP_HOST: localhost:8001
REQUEST_TIME_FLOAT: 1779525641.9643
REQUEST_TIME: 1779525641

2026-05-23 16:40:42 GET /api/index.php?action=status
Headers: {"Cookie":"admin_token=91318Zp3z3Sw%2FHrrBshltMkekqWx2R9kEfD15VAcQDz9qALV8cxUo6XXbpHP0tOgwSR5UALFBoSygoFnT7zdhrlYei3h6QK6kuIGey2V; PHPSESSID=skeao66omisu7k7ikk9e3iduku","Accept-Language":"zh-CN,zh;q=0.9,en;q=0.8,en-GB;q=0.7,en-US;q=0.6","Accept-Encoding":"gzip, deflate, br, zstd","Referer":"http:\/\/localhost:8001\/api_test.html","Sec-Fetch-Dest":"empty","Sec-Fetch-Mode":"cors","Sec-Fetch-Site":"same-origin","Accept":"*\/*","Sec-Ch-Ua-Mobile":"?0","X-Api-Key":"1273e05283f805d7f6efa98360fd9c6b","Sec-Ch-Ua":"\"Microsoft Edge\";v=\"149\", \"Chromium\";v=\"149\", \"Not)A;Brand\";v=\"24\"","User-Agent":"Mozilla\/5.0 (Windows NT 10.0; Win64; x64) AppleWebKit\/537.36 (KHTML, like Gecko) Chrome\/149.0.0.0 Safari\/537.36 Edg\/149.0.0.0","Sec-Ch-Ua-Platform":"\"Windows\"","Connection":"close","Host":"localhost:8001"}
SERVER: REQUEST_URI: /api/index.php?action=status
REQUEST_METHOD: GET
REQUEST_SCHEME: http
HTTP_COOKIE: admin_token=91318Zp3z3Sw%2FHrrBshltMkekqWx2R9kEfD15VAcQDz9qALV8cxUo6XXbpHP0tOgwSR5UALFBoSygoFnT7zdhrlYei3h6QK6kuIGey2V; PHPSESSID=skeao66omisu7k7ikk9e3iduku
HTTP_ACCEPT_LANGUAGE: zh-CN,zh;q=0.9,en;q=0.8,en-GB;q=0.7,en-US;q=0.6
HTTP_ACCEPT_ENCODING: gzip, deflate, br, zstd
HTTP_REFERER: http://localhost:8001/api_test.html
HTTP_SEC_FETCH_DEST: empty
HTTP_SEC_FETCH_MODE: cors
HTTP_SEC_FETCH_SITE: same-origin
HTTP_ACCEPT: */*
HTTP_SEC_CH_UA_MOBILE: ?0
HTTP_X_API_KEY: 1273e05283f805d7f6efa98360fd9c6b
HTTP_SEC_CH_UA: "Microsoft Edge";v="149", "Chromium";v="149", "Not)A;Brand";v="24"
HTTP_USER_AGENT: Mozilla/5.0 (Windows NT 10.0; Win64; x64) AppleWebKit/537.36 (KHTML, like Gecko) Chrome/149.0.0.0 Safari/537.36 Edg/149.0.0.0
HTTP_SEC_CH_UA_PLATFORM: "Windows"
HTTP_CONNECTION: close
HTTP_HOST: localhost:8001
REQUEST_TIME_FLOAT: 1779525642.5872
REQUEST_TIME: 1779525642

2026-05-23 16:40:44 GET /api/index.php?action=list
Headers: {"Cookie":"admin_token=91318Zp3z3Sw%2FHrrBshltMkekqWx2R9kEfD15VAcQDz9qALV8cxUo6XXbpHP0tOgwSR5UALFBoSygoFnT7zdhrlYei3h6QK6kuIGey2V; PHPSESSID=skeao66omisu7k7ikk9e3iduku","Accept-Language":"zh-CN,zh;q=0.9,en;q=0.8,en-GB;q=0.7,en-US;q=0.6","Accept-Encoding":"gzip, deflate, br, zstd","Referer":"http:\/\/localhost:8001\/api_test.php","Sec-Fetch-Dest":"empty","Sec-Fetch-Mode":"cors","Sec-Fetch-Site":"same-origin","Accept":"*\/*","Sec-Ch-Ua-Mobile":"?0","X-Api-Key":"d59d1c585e2de879d5a7b56f96fa55bf","Sec-Ch-Ua":"\"Microsoft Edge\";v=\"149\", \"Chromium\";v=\"149\", \"Not)A;Brand\";v=\"24\"","User-Agent":"Mozilla\/5.0 (Windows NT 10.0; Win64; x64) AppleWebKit\/537.36 (KHTML, like Gecko) Chrome\/149.0.0.0 Safari\/537.36 Edg\/149.0.0.0","Sec-Ch-Ua-Platform":"\"Windows\"","Connection":"close","Host":"localhost:8001"}
SERVER: REQUEST_URI: /api/index.php?action=list
REQUEST_METHOD: GET
REQUEST_SCHEME: http
HTTP_COOKIE: admin_token=91318Zp3z3Sw%2FHrrBshltMkekqWx2R9kEfD15VAcQDz9qALV8cxUo6XXbpHP0tOgwSR5UALFBoSygoFnT7zdhrlYei3h6QK6kuIGey2V; PHPSESSID=skeao66omisu7k7ikk9e3iduku
HTTP_ACCEPT_LANGUAGE: zh-CN,zh;q=0.9,en;q=0.8,en-GB;q=0.7,en-US;q=0.6
HTTP_ACCEPT_ENCODING: gzip, deflate, br, zstd
HTTP_REFERER: http://localhost:8001/api_test.php
HTTP_SEC_FETCH_DEST: empty
HTTP_SEC_FETCH_MODE: cors
HTTP_SEC_FETCH_SITE: same-origin
HTTP_ACCEPT: */*
HTTP_SEC_CH_UA_MOBILE: ?0
HTTP_X_API_KEY: d59d1c585e2de879d5a7b56f96fa55bf
HTTP_SEC_CH_UA: "Microsoft Edge";v="149", "Chromium";v="149", "Not)A;Brand";v="24"
HTTP_USER_AGENT: Mozilla/5.0 (Windows NT 10.0; Win64; x64) AppleWebKit/537.36 (KHTML, like Gecko) Chrome/149.0.0.0 Safari/537.36 Edg/149.0.0.0
HTTP_SEC_CH_UA_PLATFORM: "Windows"
HTTP_CONNECTION: close
HTTP_HOST: localhost:8001
REQUEST_TIME_FLOAT: 1779525644.7061
REQUEST_TIME: 1779525644

2026-05-23 16:40:45 GET /api/index.php?action=status
Headers: {"Cookie":"admin_token=91318Zp3z3Sw%2FHrrBshltMkekqWx2R9kEfD15VAcQDz9qALV8cxUo6XXbpHP0tOgwSR5UALFBoSygoFnT7zdhrlYei3h6QK6kuIGey2V; PHPSESSID=skeao66omisu7k7ikk9e3iduku","Accept-Language":"zh-CN,zh;q=0.9,en;q=0.8,en-GB;q=0.7,en-US;q=0.6","Accept-Encoding":"gzip, deflate, br, zstd","Referer":"http:\/\/localhost:8001\/api_test.php","Sec-Fetch-Dest":"empty","Sec-Fetch-Mode":"cors","Sec-Fetch-Site":"same-origin","Accept":"*\/*","Sec-Ch-Ua-Mobile":"?0","X-Api-Key":"d59d1c585e2de879d5a7b56f96fa55bf","Sec-Ch-Ua":"\"Microsoft Edge\";v=\"149\", \"Chromium\";v=\"149\", \"Not)A;Brand\";v=\"24\"","User-Agent":"Mozilla\/5.0 (Windows NT 10.0; Win64; x64) AppleWebKit\/537.36 (KHTML, like Gecko) Chrome\/149.0.0.0 Safari\/537.36 Edg\/149.0.0.0","Sec-Ch-Ua-Platform":"\"Windows\"","Connection":"close","Host":"localhost:8001"}
SERVER: REQUEST_URI: /api/index.php?action=status
REQUEST_METHOD: GET
REQUEST_SCHEME: http
HTTP_COOKIE: admin_token=91318Zp3z3Sw%2FHrrBshltMkekqWx2R9kEfD15VAcQDz9qALV8cxUo6XXbpHP0tOgwSR5UALFBoSygoFnT7zdhrlYei3h6QK6kuIGey2V; PHPSESSID=skeao66omisu7k7ikk9e3iduku
HTTP_ACCEPT_LANGUAGE: zh-CN,zh;q=0.9,en;q=0.8,en-GB;q=0.7,en-US;q=0.6
HTTP_ACCEPT_ENCODING: gzip, deflate, br, zstd
HTTP_REFERER: http://localhost:8001/api_test.php
HTTP_SEC_FETCH_DEST: empty
HTTP_SEC_FETCH_MODE: cors
HTTP_SEC_FETCH_SITE: same-origin
HTTP_ACCEPT: */*
HTTP_SEC_CH_UA_MOBILE: ?0
HTTP_X_API_KEY: d59d1c585e2de879d5a7b56f96fa55bf
HTTP_SEC_CH_UA: "Microsoft Edge";v="149", "Chromium";v="149", "Not)A;Brand";v="24"
HTTP_USER_AGENT: Mozilla/5.0 (Windows NT 10.0; Win64; x64) AppleWebKit/537.36 (KHTML, like Gecko) Chrome/149.0.0.0 Safari/537.36 Edg/149.0.0.0
HTTP_SEC_CH_UA_PLATFORM: "Windows"
HTTP_CONNECTION: close
HTTP_HOST: localhost:8001
REQUEST_TIME_FLOAT: 1779525645.7192
REQUEST_TIME: 1779525645

2026-05-23 16:40:53 POST /api/index.php?action=regenerate_key
Headers: {"Cookie":"admin_token=91318Zp3z3Sw%2FHrrBshltMkekqWx2R9kEfD15VAcQDz9qALV8cxUo6XXbpHP0tOgwSR5UALFBoSygoFnT7zdhrlYei3h6QK6kuIGey2V; PHPSESSID=skeao66omisu7k7ikk9e3iduku","Accept-Language":"zh-CN,zh;q=0.9,en;q=0.8,en-GB;q=0.7,en-US;q=0.6","Accept-Encoding":"gzip, deflate, br, zstd","Referer":"http:\/\/localhost:8001\/admin\/api_toggle.php","Sec-Fetch-Dest":"empty","Sec-Fetch-Mode":"cors","Sec-Fetch-Site":"same-origin","Origin":"http:\/\/localhost:8001","Accept":"*\/*","Sec-Ch-Ua-Mobile":"?0","Sec-Ch-Ua":"\"Microsoft Edge\";v=\"149\", \"Chromium\";v=\"149\", \"Not)A;Brand\";v=\"24\"","User-Agent":"Mozilla\/5.0 (Windows NT 10.0; Win64; x64) AppleWebKit\/537.36 (KHTML, like Gecko) Chrome\/149.0.0.0 Safari\/537.36 Edg\/149.0.0.0","Sec-Ch-Ua-Platform":"\"Windows\"","X-Admin-Key":"b84bc90d2354d6f0f5317eee5c614264","Content-Length":"0","Connection":"close","Host":"localhost:8001"}
SERVER: REQUEST_URI: /api/index.php?action=regenerate_key
REQUEST_METHOD: POST
REQUEST_SCHEME: http
HTTP_COOKIE: admin_token=91318Zp3z3Sw%2FHrrBshltMkekqWx2R9kEfD15VAcQDz9qALV8cxUo6XXbpHP0tOgwSR5UALFBoSygoFnT7zdhrlYei3h6QK6kuIGey2V; PHPSESSID=skeao66omisu7k7ikk9e3iduku
HTTP_ACCEPT_LANGUAGE: zh-CN,zh;q=0.9,en;q=0.8,en-GB;q=0.7,en-US;q=0.6
HTTP_ACCEPT_ENCODING: gzip, deflate, br, zstd
HTTP_REFERER: http://localhost:8001/admin/api_toggle.php
HTTP_SEC_FETCH_DEST: empty
HTTP_SEC_FETCH_MODE: cors
HTTP_SEC_FETCH_SITE: same-origin
HTTP_ORIGIN: http://localhost:8001
HTTP_ACCEPT: */*
HTTP_SEC_CH_UA_MOBILE: ?0
HTTP_SEC_CH_UA: "Microsoft Edge";v="149", "Chromium";v="149", "Not)A;Brand";v="24"
HTTP_USER_AGENT: Mozilla/5.0 (Windows NT 10.0; Win64; x64) AppleWebKit/537.36 (KHTML, like Gecko) Chrome/149.0.0.0 Safari/537.36 Edg/149.0.0.0
HTTP_SEC_CH_UA_PLATFORM: "Windows"
HTTP_X_ADMIN_KEY: b84bc90d2354d6f0f5317eee5c614264
HTTP_CONNECTION: close
HTTP_HOST: localhost:8001
REQUEST_TIME_FLOAT: 1779525653.154
REQUEST_TIME: 1779525653

2026-05-23 16:40:56 POST /api/index.php?action=regenerate_admin_key
Headers: {"Cookie":"admin_token=91318Zp3z3Sw%2FHrrBshltMkekqWx2R9kEfD15VAcQDz9qALV8cxUo6XXbpHP0tOgwSR5UALFBoSygoFnT7zdhrlYei3h6QK6kuIGey2V; PHPSESSID=skeao66omisu7k7ikk9e3iduku","Accept-Language":"zh-CN,zh;q=0.9,en;q=0.8,en-GB;q=0.7,en-US;q=0.6","Accept-Encoding":"gzip, deflate, br, zstd","Referer":"http:\/\/localhost:8001\/admin\/api_toggle.php","Sec-Fetch-Dest":"empty","Sec-Fetch-Mode":"cors","Sec-Fetch-Site":"same-origin","Origin":"http:\/\/localhost:8001","Accept":"*\/*","Sec-Ch-Ua-Mobile":"?0","Sec-Ch-Ua":"\"Microsoft Edge\";v=\"149\", \"Chromium\";v=\"149\", \"Not)A;Brand\";v=\"24\"","User-Agent":"Mozilla\/5.0 (Windows NT 10.0; Win64; x64) AppleWebKit\/537.36 (KHTML, like Gecko) Chrome\/149.0.0.0 Safari\/537.36 Edg\/149.0.0.0","Sec-Ch-Ua-Platform":"\"Windows\"","X-Admin-Key":"b84bc90d2354d6f0f5317eee5c614264","Content-Length":"0","Connection":"close","Host":"localhost:8001"}
SERVER: REQUEST_URI: /api/index.php?action=regenerate_admin_key
REQUEST_METHOD: POST
REQUEST_SCHEME: http
HTTP_COOKIE: admin_token=91318Zp3z3Sw%2FHrrBshltMkekqWx2R9kEfD15VAcQDz9qALV8cxUo6XXbpHP0tOgwSR5UALFBoSygoFnT7zdhrlYei3h6QK6kuIGey2V; PHPSESSID=skeao66omisu7k7ikk9e3iduku
HTTP_ACCEPT_LANGUAGE: zh-CN,zh;q=0.9,en;q=0.8,en-GB;q=0.7,en-US;q=0.6
HTTP_ACCEPT_ENCODING: gzip, deflate, br, zstd
HTTP_REFERER: http://localhost:8001/admin/api_toggle.php
HTTP_SEC_FETCH_DEST: empty
HTTP_SEC_FETCH_MODE: cors
HTTP_SEC_FETCH_SITE: same-origin
HTTP_ORIGIN: http://localhost:8001
HTTP_ACCEPT: */*
HTTP_SEC_CH_UA_MOBILE: ?0
HTTP_SEC_CH_UA: "Microsoft Edge";v="149", "Chromium";v="149", "Not)A;Brand";v="24"
HTTP_USER_AGENT: Mozilla/5.0 (Windows NT 10.0; Win64; x64) AppleWebKit/537.36 (KHTML, like Gecko) Chrome/149.0.0.0 Safari/537.36 Edg/149.0.0.0
HTTP_SEC_CH_UA_PLATFORM: "Windows"
HTTP_X_ADMIN_KEY: b84bc90d2354d6f0f5317eee5c614264
HTTP_CONNECTION: close
HTTP_HOST: localhost:8001
REQUEST_TIME_FLOAT: 1779525656.2022
REQUEST_TIME: 1779525656

2026-05-23 16:40:57 GET /api/index.php?action=list
Headers: {"Cookie":"admin_token=91318Zp3z3Sw%2FHrrBshltMkekqWx2R9kEfD15VAcQDz9qALV8cxUo6XXbpHP0tOgwSR5UALFBoSygoFnT7zdhrlYei3h6QK6kuIGey2V; PHPSESSID=skeao66omisu7k7ikk9e3iduku","Accept-Language":"zh-CN,zh;q=0.9,en;q=0.8,en-GB;q=0.7,en-US;q=0.6","Accept-Encoding":"gzip, deflate, br, zstd","Referer":"http:\/\/localhost:8001\/api_test.php","Sec-Fetch-Dest":"empty","Sec-Fetch-Mode":"cors","Sec-Fetch-Site":"same-origin","Accept":"*\/*","Sec-Ch-Ua-Mobile":"?0","X-Api-Key":"b3a015e6cc0257bff6acf1225068916f","Sec-Ch-Ua":"\"Microsoft Edge\";v=\"149\", \"Chromium\";v=\"149\", \"Not)A;Brand\";v=\"24\"","User-Agent":"Mozilla\/5.0 (Windows NT 10.0; Win64; x64) AppleWebKit\/537.36 (KHTML, like Gecko) Chrome\/149.0.0.0 Safari\/537.36 Edg\/149.0.0.0","Sec-Ch-Ua-Platform":"\"Windows\"","Connection":"close","Host":"localhost:8001"}
SERVER: REQUEST_URI: /api/index.php?action=list
REQUEST_METHOD: GET
REQUEST_SCHEME: http
HTTP_COOKIE: admin_token=91318Zp3z3Sw%2FHrrBshltMkekqWx2R9kEfD15VAcQDz9qALV8cxUo6XXbpHP0tOgwSR5UALFBoSygoFnT7zdhrlYei3h6QK6kuIGey2V; PHPSESSID=skeao66omisu7k7ikk9e3iduku
HTTP_ACCEPT_LANGUAGE: zh-CN,zh;q=0.9,en;q=0.8,en-GB;q=0.7,en-US;q=0.6
HTTP_ACCEPT_ENCODING: gzip, deflate, br, zstd
HTTP_REFERER: http://localhost:8001/api_test.php
HTTP_SEC_FETCH_DEST: empty
HTTP_SEC_FETCH_MODE: cors
HTTP_SEC_FETCH_SITE: same-origin
HTTP_ACCEPT: */*
HTTP_SEC_CH_UA_MOBILE: ?0
HTTP_X_API_KEY: b3a015e6cc0257bff6acf1225068916f
HTTP_SEC_CH_UA: "Microsoft Edge";v="149", "Chromium";v="149", "Not)A;Brand";v="24"
HTTP_USER_AGENT: Mozilla/5.0 (Windows NT 10.0; Win64; x64) AppleWebKit/537.36 (KHTML, like Gecko) Chrome/149.0.0.0 Safari/537.36 Edg/149.0.0.0
HTTP_SEC_CH_UA_PLATFORM: "Windows"
HTTP_CONNECTION: close
HTTP_HOST: localhost:8001
REQUEST_TIME_FLOAT: 1779525657.643
REQUEST_TIME: 1779525657

2026-05-23 16:40:58 GET /api/index.php?action=status
Headers: {"Cookie":"admin_token=91318Zp3z3Sw%2FHrrBshltMkekqWx2R9kEfD15VAcQDz9qALV8cxUo6XXbpHP0tOgwSR5UALFBoSygoFnT7zdhrlYei3h6QK6kuIGey2V; PHPSESSID=skeao66omisu7k7ikk9e3iduku","Accept-Language":"zh-CN,zh;q=0.9,en;q=0.8,en-GB;q=0.7,en-US;q=0.6","Accept-Encoding":"gzip, deflate, br, zstd","Referer":"http:\/\/localhost:8001\/api_test.php","Sec-Fetch-Dest":"empty","Sec-Fetch-Mode":"cors","Sec-Fetch-Site":"same-origin","Accept":"*\/*","Sec-Ch-Ua-Mobile":"?0","X-Api-Key":"b3a015e6cc0257bff6acf1225068916f","Sec-Ch-Ua":"\"Microsoft Edge\";v=\"149\", \"Chromium\";v=\"149\", \"Not)A;Brand\";v=\"24\"","User-Agent":"Mozilla\/5.0 (Windows NT 10.0; Win64; x64) AppleWebKit\/537.36 (KHTML, like Gecko) Chrome\/149.0.0.0 Safari\/537.36 Edg\/149.0.0.0","Sec-Ch-Ua-Platform":"\"Windows\"","Connection":"close","Host":"localhost:8001"}
SERVER: REQUEST_URI: /api/index.php?action=status
REQUEST_METHOD: GET
REQUEST_SCHEME: http
HTTP_COOKIE: admin_token=91318Zp3z3Sw%2FHrrBshltMkekqWx2R9kEfD15VAcQDz9qALV8cxUo6XXbpHP0tOgwSR5UALFBoSygoFnT7zdhrlYei3h6QK6kuIGey2V; PHPSESSID=skeao66omisu7k7ikk9e3iduku
HTTP_ACCEPT_LANGUAGE: zh-CN,zh;q=0.9,en;q=0.8,en-GB;q=0.7,en-US;q=0.6
HTTP_ACCEPT_ENCODING: gzip, deflate, br, zstd
HTTP_REFERER: http://localhost:8001/api_test.php
HTTP_SEC_FETCH_DEST: empty
HTTP_SEC_FETCH_MODE: cors
HTTP_SEC_FETCH_SITE: same-origin
HTTP_ACCEPT: */*
HTTP_SEC_CH_UA_MOBILE: ?0
HTTP_X_API_KEY: b3a015e6cc0257bff6acf1225068916f
HTTP_SEC_CH_UA: "Microsoft Edge";v="149", "Chromium";v="149", "Not)A;Brand";v="24"
HTTP_USER_AGENT: Mozilla/5.0 (Windows NT 10.0; Win64; x64) AppleWebKit/537.36 (KHTML, like Gecko) Chrome/149.0.0.0 Safari/537.36 Edg/149.0.0.0
HTTP_SEC_CH_UA_PLATFORM: "Windows"
HTTP_CONNECTION: close
HTTP_HOST: localhost:8001
REQUEST_TIME_FLOAT: 1779525658.6446
REQUEST_TIME: 1779525658

